==========================================
  DDP Baseline — 2 GPUs (V100S-32GB)
  Job ID : 714664
  Node   : gpu027
==========================================
Tesla V100S-PCIE-32GB, 32768 MiB
Tesla V100S-PCIE-32GB, 32768 MiB
PyTorch 2.5.1+cu121, CUDA 12.1, GPUs: 2
============================================================
  Method 1: PyTorch DDP (FP32 Baseline)
  World size : 2 GPU(s)
  Per-GPU BS : 128
  Global BS  : 256
  Epochs     : 30
  LR         : 0.1
============================================================
Files already downloaded and verified
Files already downloaded and verified
Files already downloaded and verified
Files already downloaded and verified
Epoch   1/30 | Time 10.05s | Compute 9.40s | Comm 0.17s | Train Acc 20.46% | Val Acc 34.16% | Mem 1004MB
Epoch   2/30 | Time 8.07s | Compute 7.84s | Comm 0.09s | Train Acc 37.20% | Val Acc 43.24% | Mem 1004MB
Epoch   3/30 | Time 8.08s | Compute 7.83s | Comm 0.09s | Train Acc 48.78% | Val Acc 51.48% | Mem 1004MB
Epoch   4/30 | Time 8.08s | Compute 7.82s | Comm 0.09s | Train Acc 57.50% | Val Acc 60.01% | Mem 1004MB
Epoch   5/30 | Time 8.09s | Compute 7.86s | Comm 0.09s | Train Acc 64.94% | Val Acc 64.19% | Mem 1004MB
Epoch   6/30 | Time 8.09s | Compute 7.86s | Comm 0.08s | Train Acc 70.63% | Val Acc 69.78% | Mem 1004MB
Epoch   7/30 | Time 8.13s | Compute 7.88s | Comm 0.09s | Train Acc 75.05% | Val Acc 71.33% | Mem 1004MB
Epoch   8/30 | Time 8.16s | Compute 7.90s | Comm 0.09s | Train Acc 77.98% | Val Acc 70.40% | Mem 1004MB
Epoch   9/30 | Time 8.13s | Compute 7.90s | Comm 0.09s | Train Acc 80.99% | Val Acc 77.22% | Mem 1004MB
Epoch  10/30 | Time 8.18s | Compute 7.95s | Comm 0.09s | Train Acc 82.67% | Val Acc 81.24% | Mem 1004MB
Epoch  11/30 | Time 8.25s | Compute 8.00s | Comm 0.09s | Train Acc 84.54% | Val Acc 78.26% | Mem 1004MB
Epoch  12/30 | Time 8.16s | Compute 7.94s | Comm 0.09s | Train Acc 85.91% | Val Acc 82.50% | Mem 1004MB
Epoch  13/30 | Time 8.13s | Compute 7.88s | Comm 0.09s | Train Acc 87.18% | Val Acc 85.98% | Mem 1004MB
Epoch  14/30 | Time 8.18s | Compute 7.96s | Comm 0.08s | Train Acc 88.07% | Val Acc 84.04% | Mem 1004MB
Epoch  15/30 | Time 8.17s | Compute 7.93s | Comm 0.09s | Train Acc 89.38% | Val Acc 84.14% | Mem 1004MB
Epoch  16/30 | Time 8.21s | Compute 7.93s | Comm 0.10s | Train Acc 90.22% | Val Acc 86.80% | Mem 1004MB
Epoch  17/30 | Time 8.12s | Compute 7.89s | Comm 0.09s | Train Acc 91.19% | Val Acc 87.44% | Mem 1004MB
Epoch  18/30 | Time 8.20s | Compute 7.94s | Comm 0.09s | Train Acc 92.04% | Val Acc 88.01% | Mem 1004MB
Epoch  19/30 | Time 8.17s | Compute 7.94s | Comm 0.09s | Train Acc 92.92% | Val Acc 88.29% | Mem 1004MB
Epoch  20/30 | Time 8.16s | Compute 7.93s | Comm 0.09s | Train Acc 93.86% | Val Acc 88.46% | Mem 1004MB
Epoch  21/30 | Time 8.10s | Compute 7.86s | Comm 0.08s | Train Acc 94.86% | Val Acc 90.20% | Mem 1004MB
Epoch  22/30 | Time 8.17s | Compute 7.95s | Comm 0.09s | Train Acc 95.30% | Val Acc 88.08% | Mem 1004MB
Epoch  23/30 | Time 8.20s | Compute 7.93s | Comm 0.10s | Train Acc 96.19% | Val Acc 90.66% | Mem 1004MB
Epoch  24/30 | Time 8.18s | Compute 7.93s | Comm 0.09s | Train Acc 97.22% | Val Acc 91.52% | Mem 1004MB
Epoch  25/30 | Time 8.11s | Compute 7.87s | Comm 0.08s | Train Acc 97.69% | Val Acc 91.92% | Mem 1004MB
Epoch  26/30 | Time 8.17s | Compute 7.91s | Comm 0.10s | Train Acc 98.10% | Val Acc 92.22% | Mem 1004MB
Epoch  27/30 | Time 8.14s | Compute 7.90s | Comm 0.09s | Train Acc 98.48% | Val Acc 92.40% | Mem 1004MB
Epoch  28/30 | Time 8.13s | Compute 7.90s | Comm 0.09s | Train Acc 98.95% | Val Acc 92.62% | Mem 1004MB
Epoch  29/30 | Time 8.10s | Compute 7.88s | Comm 0.09s | Train Acc 98.96% | Val Acc 92.80% | Mem 1004MB
Epoch  30/30 | Time 8.13s | Compute 7.90s | Comm 0.09s | Train Acc 99.12% | Val Acc 92.70% | Mem 1004MB

Total training time: 270.57s
Results saved to ./results_ddp/ddp_gpu2_results.json
Model saved to ./results_ddp/ddp_gpu2_model.pt
Done.
