==========================================
  DDP Baseline — 4 GPUs (V100S-32GB)
  Job ID : 714665
  Node   : gpu037
==========================================
Tesla V100-PCIE-32GB, 32768 MiB
Tesla V100-PCIE-32GB, 32768 MiB
Tesla V100-PCIE-32GB, 32768 MiB
Tesla V100-PCIE-32GB, 32768 MiB
PyTorch 2.5.1+cu121, CUDA 12.1, GPUs: 4
============================================================
  Method 1: PyTorch DDP (FP32 Baseline)
  World size : 4 GPU(s)
  Per-GPU BS : 128
  Global BS  : 512
  Epochs     : 30
  LR         : 0.1
============================================================
Files already downloaded and verified
Files already downloaded and verifiedFiles already downloaded and verified

Files already downloaded and verified
Files already downloaded and verified
Files already downloaded and verifiedFiles already downloaded and verified

Files already downloaded and verified
Epoch   1/30 | Time 7.02s | Compute 6.40s | Comm 0.16s | Train Acc 23.53% | Val Acc 35.12% | Mem 1004MB
Epoch   2/30 | Time 4.96s | Compute 4.73s | Comm 0.08s | Train Acc 40.67% | Val Acc 46.78% | Mem 1004MB
Epoch   3/30 | Time 4.96s | Compute 4.72s | Comm 0.08s | Train Acc 51.51% | Val Acc 51.23% | Mem 1004MB
Epoch   4/30 | Time 4.96s | Compute 4.75s | Comm 0.08s | Train Acc 59.47% | Val Acc 62.51% | Mem 1004MB
Epoch   5/30 | Time 4.93s | Compute 4.72s | Comm 0.08s | Train Acc 65.88% | Val Acc 66.57% | Mem 1004MB
Epoch   6/30 | Time 4.95s | Compute 4.73s | Comm 0.08s | Train Acc 71.12% | Val Acc 72.24% | Mem 1004MB
Epoch   7/30 | Time 4.96s | Compute 4.72s | Comm 0.09s | Train Acc 75.84% | Val Acc 71.86% | Mem 1004MB
Epoch   8/30 | Time 4.96s | Compute 4.72s | Comm 0.08s | Train Acc 78.60% | Val Acc 67.84% | Mem 1004MB
Epoch   9/30 | Time 4.93s | Compute 4.69s | Comm 0.08s | Train Acc 81.35% | Val Acc 75.56% | Mem 1004MB
Epoch  10/30 | Time 4.97s | Compute 4.76s | Comm 0.08s | Train Acc 82.56% | Val Acc 79.32% | Mem 1004MB
Epoch  11/30 | Time 4.95s | Compute 4.74s | Comm 0.08s | Train Acc 84.89% | Val Acc 75.50% | Mem 1004MB
Epoch  12/30 | Time 4.95s | Compute 4.72s | Comm 0.09s | Train Acc 86.00% | Val Acc 79.52% | Mem 1004MB
Epoch  13/30 | Time 4.93s | Compute 4.70s | Comm 0.09s | Train Acc 87.11% | Val Acc 83.09% | Mem 1004MB
Epoch  14/30 | Time 4.96s | Compute 4.75s | Comm 0.08s | Train Acc 88.16% | Val Acc 83.41% | Mem 1004MB
Epoch  15/30 | Time 4.98s | Compute 4.75s | Comm 0.09s | Train Acc 89.32% | Val Acc 82.80% | Mem 1004MB
Epoch  16/30 | Time 4.95s | Compute 4.72s | Comm 0.08s | Train Acc 90.79% | Val Acc 84.78% | Mem 1004MB
Epoch  17/30 | Time 4.95s | Compute 4.74s | Comm 0.08s | Train Acc 91.20% | Val Acc 84.13% | Mem 1004MB
Epoch  18/30 | Time 4.98s | Compute 4.76s | Comm 0.08s | Train Acc 92.11% | Val Acc 87.18% | Mem 1004MB
Epoch  19/30 | Time 4.96s | Compute 4.72s | Comm 0.08s | Train Acc 93.15% | Val Acc 86.84% | Mem 1004MB
Epoch  20/30 | Time 4.96s | Compute 4.75s | Comm 0.08s | Train Acc 93.80% | Val Acc 88.84% | Mem 1004MB
Epoch  21/30 | Time 4.92s | Compute 4.68s | Comm 0.08s | Train Acc 95.11% | Val Acc 88.20% | Mem 1004MB
Epoch  22/30 | Time 4.93s | Compute 4.71s | Comm 0.09s | Train Acc 95.67% | Val Acc 88.76% | Mem 1004MB
Epoch  23/30 | Time 4.95s | Compute 4.73s | Comm 0.08s | Train Acc 96.22% | Val Acc 90.04% | Mem 1004MB
Epoch  24/30 | Time 4.96s | Compute 4.75s | Comm 0.08s | Train Acc 96.45% | Val Acc 90.21% | Mem 1004MB
Epoch  25/30 | Time 4.93s | Compute 4.69s | Comm 0.08s | Train Acc 97.12% | Val Acc 90.60% | Mem 1004MB
Epoch  26/30 | Time 4.95s | Compute 4.73s | Comm 0.09s | Train Acc 97.67% | Val Acc 90.81% | Mem 1004MB
Epoch  27/30 | Time 4.94s | Compute 4.72s | Comm 0.08s | Train Acc 97.91% | Val Acc 91.00% | Mem 1004MB
Epoch  28/30 | Time 4.98s | Compute 4.76s | Comm 0.08s | Train Acc 97.90% | Val Acc 91.19% | Mem 1004MB
Epoch  29/30 | Time 4.92s | Compute 4.68s | Comm 0.08s | Train Acc 98.32% | Val Acc 91.27% | Mem 1004MB
Epoch  30/30 | Time 4.95s | Compute 4.72s | Comm 0.08s | Train Acc 98.37% | Val Acc 91.21% | Mem 1004MB

Total training time: 177.62s
Results saved to ./results_ddp/ddp_gpu4_results.json
Model saved to ./results_ddp/ddp_gpu4_model.pt
Done.
