==========================================
  DDP Baseline — 1 GPU (A100)
  Cross-platform comparison vs V100S
  Job ID : 714668
  Node   : gpu039
==========================================
NVIDIA A100-PCIE-40GB, 40960 MiB, 545.23.08
PyTorch 2.5.1+cu121, CUDA 12.1, GPUs: 1
============================================================
  Method 1: PyTorch DDP (FP32 Baseline)
  World size : 1 GPU(s)
  Per-GPU BS : 128
  Global BS  : 128
  Epochs     : 30
  LR         : 0.1
============================================================
Files already downloaded and verified
Files already downloaded and verified
Epoch   1/30 | Time 8.83s | Compute 8.04s | Comm 0.25s | Train Acc 28.40% | Val Acc 41.11% | Mem 834MB
Epoch   2/30 | Time 6.93s | Compute 6.49s | Comm 0.20s | Train Acc 45.41% | Val Acc 51.19% | Mem 834MB
Epoch   3/30 | Time 6.69s | Compute 6.27s | Comm 0.17s | Train Acc 58.74% | Val Acc 57.67% | Mem 834MB
Epoch   4/30 | Time 7.07s | Compute 6.54s | Comm 0.17s | Train Acc 67.73% | Val Acc 68.83% | Mem 834MB
Epoch   5/30 | Time 6.69s | Compute 6.31s | Comm 0.17s | Train Acc 73.72% | Val Acc 74.67% | Mem 834MB
Epoch   6/30 | Time 6.92s | Compute 6.46s | Comm 0.18s | Train Acc 77.58% | Val Acc 69.84% | Mem 834MB
Epoch   7/30 | Time 6.64s | Compute 6.26s | Comm 0.17s | Train Acc 79.80% | Val Acc 75.57% | Mem 834MB
Epoch   8/30 | Time 6.97s | Compute 6.45s | Comm 0.19s | Train Acc 81.47% | Val Acc 76.91% | Mem 834MB
Epoch   9/30 | Time 6.88s | Compute 6.36s | Comm 0.17s | Train Acc 82.82% | Val Acc 78.71% | Mem 834MB
Epoch  10/30 | Time 6.79s | Compute 6.36s | Comm 0.17s | Train Acc 83.92% | Val Acc 76.82% | Mem 834MB
Epoch  11/30 | Time 6.88s | Compute 6.41s | Comm 0.17s | Train Acc 84.68% | Val Acc 76.42% | Mem 834MB
Epoch  12/30 | Time 6.77s | Compute 6.34s | Comm 0.18s | Train Acc 85.67% | Val Acc 78.18% | Mem 834MB
Epoch  13/30 | Time 6.96s | Compute 6.48s | Comm 0.17s | Train Acc 86.79% | Val Acc 81.80% | Mem 834MB
Epoch  14/30 | Time 6.61s | Compute 6.24s | Comm 0.16s | Train Acc 87.40% | Val Acc 82.14% | Mem 834MB
Epoch  15/30 | Time 6.98s | Compute 6.47s | Comm 0.18s | Train Acc 88.32% | Val Acc 86.04% | Mem 834MB
Epoch  16/30 | Time 6.98s | Compute 6.52s | Comm 0.18s | Train Acc 89.13% | Val Acc 86.31% | Mem 834MB
Epoch  17/30 | Time 6.97s | Compute 6.47s | Comm 0.17s | Train Acc 90.29% | Val Acc 87.32% | Mem 834MB
Epoch  18/30 | Time 6.99s | Compute 6.47s | Comm 0.18s | Train Acc 90.98% | Val Acc 87.64% | Mem 834MB
Epoch  19/30 | Time 6.79s | Compute 6.37s | Comm 0.17s | Train Acc 91.98% | Val Acc 87.03% | Mem 834MB
Epoch  20/30 | Time 6.94s | Compute 6.49s | Comm 0.17s | Train Acc 92.65% | Val Acc 88.88% | Mem 834MB
Epoch  21/30 | Time 6.78s | Compute 6.35s | Comm 0.18s | Train Acc 93.66% | Val Acc 88.71% | Mem 834MB
Epoch  22/30 | Time 6.90s | Compute 6.46s | Comm 0.17s | Train Acc 94.47% | Val Acc 88.92% | Mem 834MB
Epoch  23/30 | Time 6.82s | Compute 6.39s | Comm 0.17s | Train Acc 95.54% | Val Acc 90.13% | Mem 834MB
Epoch  24/30 | Time 6.79s | Compute 6.34s | Comm 0.17s | Train Acc 96.54% | Val Acc 91.34% | Mem 834MB
Epoch  25/30 | Time 6.83s | Compute 6.40s | Comm 0.17s | Train Acc 97.27% | Val Acc 92.03% | Mem 834MB
Epoch  26/30 | Time 6.77s | Compute 6.36s | Comm 0.17s | Train Acc 98.14% | Val Acc 92.65% | Mem 834MB
Epoch  27/30 | Time 6.85s | Compute 6.40s | Comm 0.17s | Train Acc 98.64% | Val Acc 92.96% | Mem 834MB
Epoch  28/30 | Time 7.04s | Compute 6.49s | Comm 0.18s | Train Acc 99.00% | Val Acc 93.17% | Mem 834MB
Epoch  29/30 | Time 6.82s | Compute 6.38s | Comm 0.17s | Train Acc 99.20% | Val Acc 93.21% | Mem 834MB
Epoch  30/30 | Time 6.83s | Compute 6.42s | Comm 0.18s | Train Acc 99.30% | Val Acc 93.12% | Mem 834MB

Total training time: 227.25s
Results saved to ./results_ddp_a100/ddp_gpu1_results.json
Model saved to ./results_ddp_a100/ddp_gpu1_model.pt
Done.
